<?xml version="1.0" encoding="UTF-8"?>
<testng-results skipped="0" failed="0" total="2" passed="2">
  <reporter-output>
  </reporter-output>
  <suite name="Default suite" duration-ms="70405" started-at="2019-01-28T19:25:04Z" finished-at="2019-01-28T19:26:14Z">
    <groups>
      <group name="cucumber">
        <method signature="AbstractTestNGCucumberTests.feature(cucumber.api.testng.CucumberFeatureWrapper)[pri:0, instance:com.rbs1.TestRunner@4cf777e8]" name="feature" class="cucumber.api.testng.AbstractTestNGCucumberTests"/>
      </group> <!-- cucumber -->
    </groups>
    <test name="Default test" duration-ms="70405" started-at="2019-01-28T19:25:04Z" finished-at="2019-01-28T19:26:14Z">
      <class name="com.rbs1.TestRunner">
        <test-method status="PASS" signature="setUpClass()[pri:0, instance:com.rbs1.TestRunner@4cf777e8]" name="setUpClass" is-config="true" duration-ms="635" started-at="2019-01-29T00:55:04Z" finished-at="2019-01-29T00:55:04Z">
          <reporter-output>
          </reporter-output>
        </test-method> <!-- setUpClass -->
        <test-method status="PASS" signature="feature(cucumber.api.testng.CucumberFeatureWrapper)[pri:0, instance:com.rbs1.TestRunner@4cf777e8]" name="feature" duration-ms="41424" started-at="2019-01-29T00:55:05Z" description="Runs Cucumber Feature" data-provider="features" finished-at="2019-01-29T00:55:46Z">
          <params>
            <param index="0">
              <value>
                <![CDATA[Login gmail account]]>
              </value>
            </param>
          </params>
          <reporter-output>
          </reporter-output>
        </test-method> <!-- feature -->
        <test-method status="PASS" signature="feature(cucumber.api.testng.CucumberFeatureWrapper)[pri:0, instance:com.rbs1.TestRunner@4cf777e8]" name="feature" duration-ms="22721" started-at="2019-01-29T00:55:46Z" description="Runs Cucumber Feature" data-provider="features" finished-at="2019-01-29T00:56:09Z">
          <params>
            <param index="0">
              <value>
                <![CDATA[Login gmail]]>
              </value>
            </param>
          </params>
          <reporter-output>
          </reporter-output>
        </test-method> <!-- feature -->
        <test-method status="PASS" signature="teardown()[pri:0, instance:com.rbs1.TestRunner@4cf777e8]" name="teardown" is-config="true" duration-ms="1896" started-at="2019-01-29T00:56:09Z" finished-at="2019-01-29T00:56:11Z">
          <reporter-output>
          </reporter-output>
        </test-method> <!-- teardown -->
        <test-method status="PASS" signature="tearDownClass()[pri:0, instance:com.rbs1.TestRunner@4cf777e8]" name="tearDownClass" is-config="true" duration-ms="3557" started-at="2019-01-29T00:56:11Z" finished-at="2019-01-29T00:56:14Z">
          <reporter-output>
          </reporter-output>
        </test-method> <!-- tearDownClass -->
      </class> <!-- com.rbs1.TestRunner -->
    </test> <!-- Default test -->
  </suite> <!-- Default suite -->
</testng-results>
